#
# There is insufficient memory for the Java Runtime Environment to continue.
# Native memory allocation (malloc) failed to allocate 2165312 bytes for Chunk::new
# Possible reasons:
#   The system is out of physical RAM or swap space
#   In 32 bit mode, the process size limit was hit
# Possible solutions:
#   Reduce memory load on the system
#   Increase physical memory or swap space
#   Check if swap backing store is full
#   Use 64 bit Java on a 64 bit OS
#   Decrease Java heap size (-Xmx/-Xms)
#   Decrease number of Java threads
#   Decrease Java thread stack sizes (-Xss)
#   Set larger code cache with -XX:ReservedCodeCacheSize=
# This output file may be truncated or incomplete.
#
#  Out of Memory Error (allocation.cpp:390), pid=8144, tid=24036
#
# JRE version: Java(TM) SE Runtime Environment (8.0_60-b27) (build 1.8.0_60-b27)
# Java VM: Java HotSpot(TM) 64-Bit Server VM (25.60-b23 mixed mode windows-amd64 compressed oops)
# Failed to write core dump. Minidumps are not enabled by default on client versions of Windows
#

---------------  T H R E A D  ---------------

Current thread (0x0000000015994800):  JavaThread "C2 CompilerThread1" daemon [_thread_in_native, id=24036, stack(0x00000000170d0000,0x00000000171d0000)]

Stack: [0x00000000170d0000,0x00000000171d0000]
[error occurred during error reporting (printing stack bounds), id 0xc0000005]

Native frames: (J=compiled Java code, j=interpreted, Vv=VM code, C=native code)


Current CompileTask:
C2:  17288 5270       4       com.sun.beans.TypeResolver::resolve (37 bytes)


---------------  P R O C E S S  ---------------

Java Threads: ( => current thread )
  0x000000001c650000 JavaThread "Stdin handler" [_thread_blocked, id=17872, stack(0x000000001ffe0000,0x00000000200e0000)]
  0x000000001c64e800 JavaThread "Asynchronous log dispatcher for DefaultDaemonConnection: socket connection from /127.0.0.1:49450 to /127.0.0.1:49468" [_thread_blocked, id=27156, stack(0x000000001fee0000,0x000000001ffe0000)]
  0x000000001c655800 JavaThread "Cancel handler" [_thread_blocked, id=24684, stack(0x000000001fde0000,0x000000001fee0000)]
  0x000000001c654000 JavaThread "Handler for socket connection from /127.0.0.1:49450 to /127.0.0.1:49468" [_thread_in_native, id=28900, stack(0x000000001fce0000,0x000000001fde0000)]
  0x000000001c651000 JavaThread "File lock request listener" [_thread_in_native, id=8844, stack(0x000000001f9c0000,0x000000001fac0000)]
  0x0000000018631000 JavaThread "Daemon worker" [_thread_in_vm, id=28788, stack(0x000000001a0e0000,0x000000001a1e0000)]
  0x000000001893a800 JavaThread "Daemon" [_thread_blocked, id=9580, stack(0x0000000019de0000,0x0000000019ee0000)]
  0x0000000018765800 JavaThread "Incoming local TCP Connector on port 49450" [_thread_in_native, id=23204, stack(0x00000000196e0000,0x00000000197e0000)]
  0x00000000188b5000 JavaThread "pool-1-thread-1" [_thread_blocked, id=11020, stack(0x00000000193e0000,0x00000000194e0000)]
  0x0000000017312800 JavaThread "Service Thread" daemon [_thread_blocked, id=24836, stack(0x00000000176d0000,0x00000000177d0000)]
  0x00000000159a4000 JavaThread "C1 CompilerThread2" daemon [_thread_in_native, id=23000, stack(0x00000000171d0000,0x00000000172d0000)]
=>0x0000000015994800 JavaThread "C2 CompilerThread1" daemon [_thread_in_native, id=24036, stack(0x00000000170d0000,0x00000000171d0000)]
  0x0000000015990800 JavaThread "C2 CompilerThread0" daemon [_thread_in_native, id=29172, stack(0x0000000016fd0000,0x00000000170d0000)]
  0x000000001598f000 JavaThread "Attach Listener" daemon [_thread_blocked, id=16980, stack(0x0000000016ed0000,0x0000000016fd0000)]
  0x000000001598c000 JavaThread "Signal Dispatcher" daemon [_thread_blocked, id=22016, stack(0x0000000016dd0000,0x0000000016ed0000)]
  0x00000000032b8000 JavaThread "Finalizer" daemon [_thread_blocked, id=19964, stack(0x0000000016be0000,0x0000000016ce0000)]
  0x00000000032af000 JavaThread "Reference Handler" daemon [_thread_blocked, id=20552, stack(0x0000000016ae0000,0x0000000016be0000)]
  0x000000000307e800 JavaThread "main" [_thread_blocked, id=23824, stack(0x00000000030c0000,0x00000000031c0000)]

Other Threads:
  0x0000000015957000 VMThread [stack: 0x00000000169e0000,0x0000000016ae0000] [id=24796]
  0x000000001732a000 WatcherThread [stack: 0x00000000177d0000,0x00000000178d0000] [id=27784]

VM state:not at safepoint (normal execution)

VM Mutex/Monitor currently owned by a thread: None

Heap:
 PSYoungGen      total 135680K, used 69725K [0x00000000eab00000, 0x00000000f3e00000, 0x0000000100000000)
  eden space 124928K, 47% used [0x00000000eab00000,0x00000000ee49eb18,0x00000000f2500000)
  from space 10752K, 99% used [0x00000000f2900000,0x00000000f3378a20,0x00000000f3380000)
  to   space 8704K, 0% used [0x00000000f3580000,0x00000000f3580000,0x00000000f3e00000)
 ParOldGen       total 102400K, used 20009K [0x00000000c0000000, 0x00000000c6400000, 0x00000000eab00000)
  object space 102400K, 19% used [0x00000000c0000000,0x00000000c138a7b8,0x00000000c6400000)
 Metaspace       used 44799K, capacity 45926K, committed 46080K, reserved 1089536K
  class space    used 6202K, capacity 6558K, committed 6656K, reserved 1048576K

Card table byte_map: [0x0000000012680000,0x0000000012890000] byte_map_base: 0x0000000012080000

Marking Bits: (ParMarkBitMap*) 0x00000000699ba5b0
 Begin Bits: [0x0000000012df0000, 0x0000000013df0000)
 End Bits:   [0x0000000013df0000, 0x0000000014df0000)

Polling page: 0x00000000014f0000

CodeCache: size=245760Kb used=17879Kb max_used=17879Kb free=227880Kb
 bounds [0x00000000032c0000, 0x0000000004450000, 0x00000000122c0000]
 total_blobs=5869 nmethods=5116 adapters=664
 compilation: enabled

Compilation events (10 events):
Event: 17.254 Thread 0x00000000159a4000 5609       2       org.codehaus.groovy.runtime.InvokerHelper::getMetaClass (28 bytes)
Event: 17.255 Thread 0x00000000159a4000 nmethod 5609 0x0000000004441890 code [0x0000000004441a80, 0x0000000004441ff8]
Event: 17.264 Thread 0x00000000159a4000 5610       2       org.jetbrains.plugins.gradle.tooling.util.DependencyResolverImpl::resolve (93 bytes)
Event: 17.264 Thread 0x00000000159a4000 nmethod 5610 0x00000000044429d0 code [0x0000000004442ba0, 0x0000000004443048]
Event: 17.264 Thread 0x00000000159a4000 5611       2       com.google.common.collect.ArrayListMultimap::createCollection (5 bytes)
Event: 17.264 Thread 0x00000000159a4000 nmethod 5611 0x0000000004443310 code [0x0000000004443480, 0x0000000004443648]
Event: 17.264 Thread 0x00000000159a4000 5612       2       com.google.common.collect.ArrayListMultimap::createCollection (12 bytes)
Event: 17.264 Thread 0x00000000159a4000 nmethod 5612 0x0000000004443710 code [0x0000000004443880, 0x0000000004443a48]
Event: 17.280 Thread 0x00000000159a4000 5613       2       groovy.lang.MetaClassImpl::filterPropertyMethod (305 bytes)
Event: 17.281 Thread 0x00000000159a4000 nmethod 5613 0x0000000004443b10 code [0x0000000004443d40, 0x0000000004444648]

GC Heap History (10 events):
Event: 7.601 GC heap before
{Heap before GC invocations=5 (full 1):
 PSYoungGen      total 76288K, used 65536K [0x00000000eab00000, 0x00000000f4000000, 0x0000000100000000)
  eden space 65536K, 100% used [0x00000000eab00000,0x00000000eeb00000,0x00000000eeb00000)
  from space 10752K, 0% used [0x00000000eeb00000,0x00000000eeb00000,0x00000000ef580000)
  to   space 10752K, 0% used [0x00000000f3580000,0x00000000f3580000,0x00000000f4000000)
 ParOldGen       total 79872K, used 6605K [0x00000000c0000000, 0x00000000c4e00000, 0x00000000eab00000)
  object space 79872K, 8% used [0x00000000c0000000,0x00000000c0673730,0x00000000c4e00000)
 Metaspace       used 27725K, capacity 28072K, committed 28288K, reserved 1073152K
  class space    used 3777K, capacity 3918K, committed 3968K, reserved 1048576K
Event: 7.614 GC heap after
Heap after GC invocations=5 (full 1):
 PSYoungGen      total 133632K, used 8464K [0x00000000eab00000, 0x00000000f3e00000, 0x0000000100000000)
  eden space 124928K, 0% used [0x00000000eab00000,0x00000000eab00000,0x00000000f2500000)
  from space 8704K, 97% used [0x00000000f3580000,0x00000000f3dc4318,0x00000000f3e00000)
  to   space 10752K, 0% used [0x00000000f2900000,0x00000000f2900000,0x00000000f3380000)
 ParOldGen       total 79872K, used 6613K [0x00000000c0000000, 0x00000000c4e00000, 0x00000000eab00000)
  object space 79872K, 8% used [0x00000000c0000000,0x00000000c0675730,0x00000000c4e00000)
 Metaspace       used 27725K, capacity 28072K, committed 28288K, reserved 1073152K
  class space    used 3777K, capacity 3918K, committed 3968K, reserved 1048576K
}
Event: 11.548 GC heap before
{Heap before GC invocations=6 (full 1):
 PSYoungGen      total 133632K, used 133392K [0x00000000eab00000, 0x00000000f3e00000, 0x0000000100000000)
  eden space 124928K, 100% used [0x00000000eab00000,0x00000000f2500000,0x00000000f2500000)
  from space 8704K, 97% used [0x00000000f3580000,0x00000000f3dc4318,0x00000000f3e00000)
  to   space 10752K, 0% used [0x00000000f2900000,0x00000000f2900000,0x00000000f3380000)
 ParOldGen       total 79872K, used 6613K [0x00000000c0000000, 0x00000000c4e00000, 0x00000000eab00000)
  object space 79872K, 8% used [0x00000000c0000000,0x00000000c0675730,0x00000000c4e00000)
 Metaspace       used 33814K, capacity 34296K, committed 34432K, reserved 1079296K
  class space    used 4762K, capacity 4897K, committed 4992K, reserved 1048576K
Event: 11.569 GC heap after
Heap after GC invocations=6 (full 1):
 PSYoungGen      total 135680K, used 10720K [0x00000000eab00000, 0x00000000f3e00000, 0x0000000100000000)
  eden space 124928K, 0% used [0x00000000eab00000,0x00000000eab00000,0x00000000f2500000)
  from space 10752K, 99% used [0x00000000f2900000,0x00000000f3378010,0x00000000f3380000)
  to   space 8704K, 0% used [0x00000000f3580000,0x00000000f3580000,0x00000000f3e00000)
 ParOldGen       total 79872K, used 10435K [0x00000000c0000000, 0x00000000c4e00000, 0x00000000eab00000)
  object space 79872K, 13% used [0x00000000c0000000,0x00000000c0a30cc8,0x00000000c4e00000)
 Metaspace       used 33814K, capacity 34296K, committed 34432K, reserved 1079296K
  class space    used 4762K, capacity 4897K, committed 4992K, reserved 1048576K
}
Event: 11.779 GC heap before
{Heap before GC invocations=7 (full 1):
 PSYoungGen      total 135680K, used 20574K [0x00000000eab00000, 0x00000000f3e00000, 0x0000000100000000)
  eden space 124928K, 7% used [0x00000000eab00000,0x00000000eb49fbd0,0x00000000f2500000)
  from space 10752K, 99% used [0x00000000f2900000,0x00000000f3378010,0x00000000f3380000)
  to   space 8704K, 0% used [0x00000000f3580000,0x00000000f3580000,0x00000000f3e00000)
 ParOldGen       total 79872K, used 10435K [0x00000000c0000000, 0x00000000c4e00000, 0x00000000eab00000)
  object space 79872K, 13% used [0x00000000c0000000,0x00000000c0a30cc8,0x00000000c4e00000)
 Metaspace       used 34761K, capacity 35288K, committed 35416K, reserved 1079296K
  class space    used 4828K, capacity 5013K, committed 5120K, reserved 1048576K
Event: 11.794 GC heap after
Heap after GC invocations=7 (full 1):
 PSYoungGen      total 133632K, used 8676K [0x00000000eab00000, 0x00000000f3e00000, 0x0000000100000000)
  eden space 124928K, 0% used [0x00000000eab00000,0x00000000eab00000,0x00000000f2500000)
  from space 8704K, 99% used [0x00000000f3580000,0x00000000f3df9030,0x00000000f3e00000)
  to   space 10752K, 0% used [0x00000000f2900000,0x00000000f2900000,0x00000000f3380000)
 ParOldGen       total 79872K, used 12430K [0x00000000c0000000, 0x00000000c4e00000, 0x00000000eab00000)
  object space 79872K, 15% used [0x00000000c0000000,0x00000000c0c23920,0x00000000c4e00000)
 Metaspace       used 34761K, capacity 35288K, committed 35416K, reserved 1079296K
  class space    used 4828K, capacity 5013K, committed 5120K, reserved 1048576K
}
Event: 11.794 GC heap before
{Heap before GC invocations=8 (full 2):
 PSYoungGen      total 133632K, used 8676K [0x00000000eab00000, 0x00000000f3e00000, 0x0000000100000000)
  eden space 124928K, 0% used [0x00000000eab00000,0x00000000eab00000,0x00000000f2500000)
  from space 8704K, 99% used [0x00000000f3580000,0x00000000f3df9030,0x00000000f3e00000)
  to   space 10752K, 0% used [0x00000000f2900000,0x00000000f2900000,0x00000000f3380000)
 ParOldGen       total 79872K, used 12430K [0x00000000c0000000, 0x00000000c4e00000, 0x00000000eab00000)
  object space 79872K, 15% used [0x00000000c0000000,0x00000000c0c23920,0x00000000c4e00000)
 Metaspace       used 34761K, capacity 35288K, committed 35416K, reserved 1079296K
  class space    used 4828K, capacity 5013K, committed 5120K, reserved 1048576K
Event: 11.878 GC heap after
Heap after GC invocations=8 (full 2):
 PSYoungGen      total 133632K, used 0K [0x00000000eab00000, 0x00000000f3e00000, 0x0000000100000000)
  eden space 124928K, 0% used [0x00000000eab00000,0x00000000eab00000,0x00000000f2500000)
  from space 8704K, 0% used [0x00000000f3580000,0x00000000f3580000,0x00000000f3e00000)
  to   space 10752K, 0% used [0x00000000f2900000,0x00000000f2900000,0x00000000f3380000)
 ParOldGen       total 102400K, used 16713K [0x00000000c0000000, 0x00000000c6400000, 0x00000000eab00000)
  object space 102400K, 16% used [0x00000000c0000000,0x00000000c1052690,0x00000000c6400000)
 Metaspace       used 34744K, capacity 35266K, committed 35416K, reserved 1079296K
  class space    used 4823K, capacity 5007K, committed 5120K, reserved 1048576K
}
Event: 16.447 GC heap before
{Heap before GC invocations=9 (full 2):
 PSYoungGen      total 133632K, used 124928K [0x00000000eab00000, 0x00000000f3e00000, 0x0000000100000000)
  eden space 124928K, 100% used [0x00000000eab00000,0x00000000f2500000,0x00000000f2500000)
  from space 8704K, 0% used [0x00000000f3580000,0x00000000f3580000,0x00000000f3e00000)
  to   space 10752K, 0% used [0x00000000f2900000,0x00000000f2900000,0x00000000f3380000)
 ParOldGen       total 102400K, used 16713K [0x00000000c0000000, 0x00000000c6400000, 0x00000000eab00000)
  object space 102400K, 16% used [0x00000000c0000000,0x00000000c1052690,0x00000000c6400000)
 Metaspace       used 43397K, capacity 44152K, committed 44416K, reserved 1087488K
  class space    used 5980K, capacity 6204K, committed 6272K, reserved 1048576K
Event: 16.488 GC heap after
Heap after GC invocations=9 (full 2):
 PSYoungGen      total 135680K, used 10722K [0x00000000eab00000, 0x00000000f3e00000, 0x0000000100000000)
  eden space 124928K, 0% used [0x00000000eab00000,0x00000000eab00000,0x00000000f2500000)
  from space 10752K, 99% used [0x00000000f2900000,0x00000000f3378a20,0x00000000f3380000)
  to   space 8704K, 0% used [0x00000000f3580000,0x00000000f3580000,0x00000000f3e00000)
 ParOldGen       total 102400K, used 20009K [0x00000000c0000000, 0x00000000c6400000, 0x00000000eab00000)
  object space 102400K, 19% used [0x00000000c0000000,0x00000000c138a7b8,0x00000000c6400000)
 Metaspace       used 43397K, capacity 44152K, committed 44416K, reserved 1087488K
  class space    used 5980K, capacity 6204K, committed 6272K, reserved 1048576K
}

Deoptimization events (10 events):
Event: 16.042 Thread 0x0000000018631000 Uncommon trap: reason=unstable_if action=reinterpret pc=0x0000000003d9123c method=java.lang.AbstractStringBuilder.append(I)Ljava/lang/AbstractStringBuilder; @ 16
Event: 16.266 Thread 0x0000000018631000 Uncommon trap: reason=class_check action=maybe_recompile pc=0x0000000003b378c0 method=java.lang.Throwable.<init>(Ljava/lang/String;Ljava/lang/Throwable;)V @ 24
Event: 16.375 Thread 0x0000000018631000 Uncommon trap: reason=unstable_if action=reinterpret pc=0x0000000003c0a2a4 method=org.codehaus.groovy.reflection.CachedMethod.compareToMethod(Ljava/lang/reflect/Method;)I @ 111
Event: 16.558 Thread 0x0000000018631000 Uncommon trap: reason=class_check action=maybe_recompile pc=0x0000000003484d54 method=groovy.lang.MetaMethod.isStatic()Z @ 1
Event: 16.558 Thread 0x0000000018631000 Uncommon trap: reason=class_check action=maybe_recompile pc=0x0000000003484d54 method=groovy.lang.MetaMethod.isStatic()Z @ 1
Event: 16.561 Thread 0x0000000018631000 Uncommon trap: reason=bimorphic action=maybe_recompile pc=0x0000000003f6b4d4 method=groovy.lang.MetaClassImpl.filterPropertyMethod(Ljava/lang/Object;ZZ)Ljava/lang/Object; @ 165
Event: 16.823 Thread 0x0000000018631000 Uncommon trap: reason=unstable_if action=reinterpret pc=0x0000000003e3b5e4 method=groovy.lang.MetaClassImpl.checkIfStdMethod(Lgroovy/lang/MetaMethod;)V @ 78
Event: 17.219 Thread 0x0000000018631000 Uncommon trap: reason=class_check action=maybe_recompile pc=0x0000000003484d54 method=groovy.lang.MetaMethod.isStatic()Z @ 1
Event: 17.219 Thread 0x0000000018631000 Uncommon trap: reason=class_check action=maybe_recompile pc=0x0000000003484d54 method=groovy.lang.MetaMethod.isStatic()Z @ 1
Event: 17.221 Thread 0x0000000018631000 Uncommon trap: reason=unstable_if action=reinterpret pc=0x0000000003f6b578 method=groovy.lang.MetaClassImpl.filterPropertyMethod(Ljava/lang/Object;ZZ)Ljava/lang/Object; @ 60

Internal exceptions (10 events):
Event: 17.227 Thread 0x0000000018631000 Exception <a 'java/lang/ClassNotFoundException': org/gradle/api/internal/file/UnionFileCollectionBeanInfo> (0x00000000ee102d98) thrown at [C:\re\workspace\8-2-build-windows-amd64-cygwin\jdk8u60\4407\hotspot\src\share\vm\classfile\systemDictionary.cpp, line°{>+:1@
Event: 17.227 Thread 0x0000000018631000 Exception <a 'java/lang/ClassNotFoundException': org/gradle/api/internal/file/UnionFileCollectionCustomizer> (0x00000000ee1159d8) thrown at [C:\re\workspace\8-2-build-windows-amd64-cygwin\jdk8u60\4407\hotspot\src\share\vm\classfile\systemDictionary.cpp, li7‰"ªA1@
Event: 17.257 Thread 0x0000000018631000 Exception <a 'java/lang/ClassNotFoundException': org/gradle/api/internal/file/collections/DefaultConfigurableFileCollectionBeanInfo> (0x00000000ee2355f0) thrown at [C:\re\workspace\8-2-build-windows-amd64-cygwin\jdk8u60\4407\hotspot\src\share\vm\classfile\ìºbïÍA1@
Event: 17.257 Thread 0x0000000018631000 Exception <a 'java/lang/ClassNotFoundException': org/gradle/api/internal/file/collections/DefaultConfigurableFileCollectionCustomizer> (0x00000000ee24da80) thrown at [C:\re\workspace\8-2-build-windows-amd64-cygwin\jdk8u60\4407\hotspot\src\share\vm\classfil
Event: 17.272 Thread 0x0000000018631000 Exception <a 'java/lang/ClassNotFoundException': com/google/common/collect/AbstractMapBasedMultimap$AsMapBeanInfo> (0x00000000ee31fe88) thrown at [C:\re\workspace\8-2-build-windows-amd64-cygwin\jdk8u60\4407\hotspot\src\share\vm\classfile\systemDictionary.cıΩÎ÷E1@
Event: 17.273 Thread 0x0000000018631000 Exception <a 'java/lang/ClassNotFoundException': com/google/common/collect/Maps$ImprovedAbstractMapBeanInfo> (0x00000000ee32e820) thrown at [C:\re\workspace\8-2-build-windows-amd64-cygwin\jdk8u60\4407\hotspot\src\share\vm\classfile\systemDictionary.cpp, li∞NÈıE1@
Event: 17.273 Thread 0x0000000018631000 Exception <a 'java/lang/ClassNotFoundException': com/google/common/collect/Maps$ImprovedAbstractMapCustomizer> (0x00000000ee33d848) thrown at [C:\re\workspace\8-2-build-windows-amd64-cygwin\jdk8u60\4407\hotspot\src\share\vm\classfile\systemDictionary.cpp, OµPëêF1@
Event: 17.276 Thread 0x0000000018631000 Exception <a 'java/lang/ClassNotFoundException': com/google/common/collect/AbstractMapBasedMultimap$AsMapCustomizer> (0x00000000ee365180) thrown at [C:\re\workspace\8-2-build-windows-amd64-cygwin\jdk8u60\4407\hotspot\src\share\vm\classfile\systemDictionary°ä‚KÅG1@
Event: 17.279 Thread 0x0000000018631000 Exception <a 'java/lang/ClassNotFoundException': com/google/common/collect/Maps$ValuesBeanInfo> (0x00000000ee3b0628) thrown at [C:\re\workspace\8-2-build-windows-amd64-cygwin\jdk8u60\4407\hotspot\src\share\vm\classfile\systemDictionary.cpp, line 210]
Event: 17.280 Thread 0x0000000018631000 Exception <a 'java/lang/ClassNotFoundException': com/google/common/collect/Maps$ValuesCustomizer> (0x00000000ee3bd368) thrown at [C:\re\workspace\8-2-build-windows-amd64-cygwin\jdk8u60\4407\hotspot\src\share\vm\classfile\systemDictionary.cpp, line 210]

Events (10 events):
Event: 17.283 loading class com/google/common/collect/Maps$EntryFunction
Event: 17.283 loading class com/google/common/collect/Maps$EntryFunction done
Event: 17.284 loading class com/google/common/collect/Maps$EntryFunction$1
Event: 17.284 loading class com/google/common/collect/Maps$EntryFunction$1 done
Event: 17.284 loading class com/google/common/collect/Maps$EntryFunction$2
Event: 17.284 loading class com/google/common/collect/Maps$EntryFunction$2 done
Event: 17.285 loading class com/google/common/collect/Iterators$8
Event: 17.285 loading class com/google/common/collect/Iterators$8 done
Event: 17.285 loading class com/google/common/collect/TransformedIterator
Event: 17.285 loading class com/google/common/collect/TransformedIterator done


Dynamic libraries:
0x00007ff721180000 - 0x00007ff7211b7000 	C:\Program Files\java\jdk1.8.0_60\bin\java.exe
0x00007ff81d490000 - 0x00007ff81d661000 	C:\WINDOWS\SYSTEM32\ntdll.dll
0x00007ff81ca90000 - 0x00007ff81cb3c000 	C:\WINDOWS\System32\KERNEL32.DLL
0x00007ff819bf0000 - 0x00007ff819e0d000 	C:\WINDOWS\System32\KERNELBASE.dll
0x00007ff81add0000 - 0x00007ff81ae72000 	C:\WINDOWS\System32\ADVAPI32.dll
0x00007ff81aca0000 - 0x00007ff81ad3e000 	C:\WINDOWS\System32\msvcrt.dll
0x00007ff81ad40000 - 0x00007ff81ad99000 	C:\WINDOWS\System32\sechost.dll
0x00007ff81c7c0000 - 0x00007ff81c8e1000 	C:\WINDOWS\System32\RPCRT4.dll
0x00007ff81d320000 - 0x00007ff81d485000 	C:\WINDOWS\System32\USER32.dll
0x00007ff819e10000 - 0x00007ff819e2e000 	C:\WINDOWS\System32\win32u.dll
0x00007ff81c8f0000 - 0x00007ff81c924000 	C:\WINDOWS\System32\GDI32.dll
0x00007ff819a70000 - 0x00007ff819bf0000 	C:\WINDOWS\System32\gdi32full.dll
0x00007ff80fa40000 - 0x00007ff80fcba000 	C:\WINDOWS\WinSxS\amd64_microsoft.windows.common-controls_6595b64144ccf1df_6.0.14393.953_none_42151e83c686086b\COMCTL32.dll
0x00007ff81c4f0000 - 0x00007ff81c7b8000 	C:\WINDOWS\System32\combase.dll
0x00007ff819970000 - 0x00007ff819a65000 	C:\WINDOWS\System32\ucrtbase.dll
0x00007ff81a8e0000 - 0x00007ff81a94a000 	C:\WINDOWS\System32\bcryptPrimitives.dll
0x00007ff81ae80000 - 0x00007ff81aeae000 	C:\WINDOWS\System32\IMM32.DLL
0x0000000069a40000 - 0x0000000069b12000 	C:\Program Files\java\jdk1.8.0_60\jre\bin\msvcr100.dll
0x00000000691b0000 - 0x0000000069a39000 	C:\Program Files\java\jdk1.8.0_60\jre\bin\server\jvm.dll
0x00007ff81ada0000 - 0x00007ff81ada8000 	C:\WINDOWS\System32\PSAPI.DLL
0x00007ff80aa60000 - 0x00007ff80aa6a000 	C:\WINDOWS\SYSTEM32\VERSION.dll
0x00007ff8154c0000 - 0x00007ff8154c9000 	C:\WINDOWS\SYSTEM32\WSOCK32.dll
0x00007ff817e10000 - 0x00007ff817e33000 	C:\WINDOWS\SYSTEM32\WINMM.dll
0x00007ff81ce80000 - 0x00007ff81ceea000 	C:\WINDOWS\System32\WS2_32.dll
0x00007ff817db0000 - 0x00007ff817ddb000 	C:\WINDOWS\SYSTEM32\WINMMBASE.dll
0x00007ff81a950000 - 0x00007ff81a992000 	C:\WINDOWS\System32\cfgmgr32.dll
0x00000000691a0000 - 0x00000000691af000 	C:\Program Files\java\jdk1.8.0_60\jre\bin\verify.dll
0x0000000069170000 - 0x0000000069199000 	C:\Program Files\java\jdk1.8.0_60\jre\bin\java.dll
0x0000000069150000 - 0x0000000069166000 	C:\Program Files\java\jdk1.8.0_60\jre\bin\zip.dll
0x00007ff81af70000 - 0x00007ff81c478000 	C:\WINDOWS\System32\SHELL32.dll
0x00007ff819ed0000 - 0x00007ff81a5aa000 	C:\WINDOWS\System32\windows.storage.dll
0x00007ff819920000 - 0x00007ff81996c000 	C:\WINDOWS\System32\powrprof.dll
0x00007ff81cd40000 - 0x00007ff81cd92000 	C:\WINDOWS\System32\shlwapi.dll
0x00007ff819900000 - 0x00007ff81990f000 	C:\WINDOWS\System32\kernel.appcore.dll
0x00007ff81a780000 - 0x00007ff81a829000 	C:\WINDOWS\System32\shcore.dll
0x00007ff8198e0000 - 0x00007ff8198f4000 	C:\WINDOWS\System32\profapi.dll
0x0000000069130000 - 0x000000006914a000 	C:\Program Files\java\jdk1.8.0_60\jre\bin\net.dll
0x00007ff819210000 - 0x00007ff81926c000 	C:\WINDOWS\system32\mswsock.dll
0x0000000069110000 - 0x0000000069121000 	C:\Program Files\java\jdk1.8.0_60\jre\bin\nio.dll
0x00007ff80db10000 - 0x00007ff80db2e000 	C:\Users\Marchenko\.gradle\native\23\windows-amd64\native-platform.dll
0x00007ff8193b0000 - 0x00007ff8193c7000 	C:\WINDOWS\SYSTEM32\CRYPTSP.dll
0x00007ff818e10000 - 0x00007ff818e43000 	C:\WINDOWS\system32\rsaenh.dll
0x00007ff8194c0000 - 0x00007ff8194eb000 	C:\WINDOWS\SYSTEM32\bcrypt.dll
0x00007ff819090000 - 0x00007ff8190af000 	C:\WINDOWS\SYSTEM32\USERENV.dll
0x00007ff8193d0000 - 0x00007ff8193db000 	C:\WINDOWS\SYSTEM32\CRYPTBASE.dll
0x00007ff818f90000 - 0x00007ff818fc8000 	C:\WINDOWS\SYSTEM32\IPHLPAPI.DLL
0x00007ff81ce00000 - 0x00007ff81ce08000 	C:\WINDOWS\System32\NSI.dll
0x00007ff814bf0000 - 0x00007ff814c06000 	C:\WINDOWS\SYSTEM32\dhcpcsvc6.DLL
0x00007ff814df0000 - 0x00007ff814e0a000 	C:\WINDOWS\SYSTEM32\dhcpcsvc.DLL
0x0000000069020000 - 0x000000006902d000 	C:\Program Files\java\jdk1.8.0_60\jre\bin\management.dll
0x0000000068ff0000 - 0x0000000069014000 	C:\Program Files\java\jdk1.8.0_60\jre\bin\sunec.dll
0x00007ff818fd0000 - 0x00007ff819071000 	C:\WINDOWS\SYSTEM32\DNSAPI.dll
0x00007ff8108e0000 - 0x00007ff8108ea000 	C:\Windows\System32\rasadhlp.dll
0x00007ff8146d0000 - 0x00007ff81473a000 	C:\WINDOWS\System32\fwpuclnt.dll
0x00007ff806010000 - 0x00007ff806026000 	C:\WINDOWS\system32\napinsp.dll
0x00007ff805ff0000 - 0x00007ff80600a000 	C:\WINDOWS\system32\pnrpnsp.dll
0x00007ff815730000 - 0x00007ff815748000 	C:\WINDOWS\system32\NLAapi.dll
0x00007ff806f80000 - 0x00007ff806f8e000 	C:\WINDOWS\System32\winrnr.dll
0x00007ff805fd0000 - 0x00007ff805fe5000 	C:\WINDOWS\System32\wshbth.dll

VM Arguments:
jvm_args: -XX:MaxPermSize=256m -XX:+HeapDumpOnOutOfMemoryError -Xmx1024m -Dfile.encoding=windows-1251 -Duser.country=US -Duser.language=en -Duser.variant 
java_command: org.gradle.launcher.daemon.bootstrap.GradleDaemon 3.3
java_class_path (initial): C:\Users\Marchenko\.gradle\wrapper\dists\gradle-3.3-all\55gk2rcmfc6p2dg9u9ohc3hw9\gradle-3.3\lib\gradle-launcher-3.3.jar
Launcher Type: SUN_STANDARD

Environment Variables:
JAVA_HOME=C:\Program Files\java\jdk1.8.0_60
PATH=C:\ProgramData\Oracle\Java\javapath;C:\Program Files (x86)\Intel\iCLS Client\;C:\Program Files\Intel\iCLS Client\;c:\Program Files (x86)\NVIDIA Corporation\PhysX\Common;C:\WINDOWS\system32;C:\WINDOWS;C:\WINDOWS\System32\Wbem;C:\WINDOWS\System32\WindowsPowerShell\v1.0\;C:\Program Files\Intel\WiFi\bin\;C:\Program Files\Common Files\Intel\WirelessCommon\;C:\Program Files\Intel\Intel(R) Management Engine Components\DAL;C:\Program Files (x86)\Intel\Intel(R) Management Engine Components\DAL;C:\Program Files\Intel\Intel(R) Management Engine Components\IPT;C:\Program Files (x86)\Intel\Intel(R) Management Engine Components\IPT;C:\Program Files (x86)\Java\jre1.8.0_60\bin;C:\apache-maven-3.3.9\bin;C:\Program Files\OpenVPN\bin;C:\Program Files (x86)\PICT\;C:\Program Files (x86)\Groovy\Groovy-2.4.7\bin;C:\Program Files (x86)\Groovy\Groovy-2.4.7\bin;C:\Program Files\nodejs\;C:\Program Files (x86)\Skype\Phone\;C:\Program Files\IDM Computer Solutions\UltraEdit;C:\Program Files\IDM Computer Solutions\UltraCompare;C:\ProgramData\Oracle\Java\javapath;C:\Program Files (x86)\Intel\iCLS Client\;C:\Program Files\Intel\iCLS Client\;c:\Program Files (x86)\NVIDIA Corporation\PhysX\Common;C:\Windows\system32;C:\Windows;C:\Windows\System32\Wbem;C:\Windows\System32\WindowsPowerShell\v1.0\;C:\Program Files\Intel\WiFi\bin\;C:\Program Files\Common Files\Intel\WirelessCommon\;C:\Program Files\Intel\Intel(R) Management Engine Components\DAL;C:\Program Files (x86)\Intel\Intel(R) Management Engine Components\DAL;C:\Program Files\Intel\Intel(R) Management Engine Components\IPT;C:\Program Files (x86)\Intel\Intel(R) Management Engine Components\IPT;C:\Program Files (x86)\Java\jre1.8.0_60\bin;C:\Program Files (x86)\Skype\Phone\;C:\Program Files\OpenVPN\bin;C:\Git\cmd;C:\Program Files\Docker Toolbox;C:\Users\Marchenko\AppData\Local\Microsoft\WindowsApps;C:\Users\Marchenko\android-sdk_r24.4.1-windows\android-sdk-windows\platform-tools;C:\Users\Marchenko\AppData\Roaming\npm
USERNAME=Marchenko
OS=Windows_NT
PROCESSOR_IDENTIFIER=Intel64 Family 6 Model 61 Stepping 4, GenuineIntel



---------------  S Y S T E M  ---------------

OS: Windows 10.0 , 64 bit Build 14393 (10.0.14393.1198)

CPU:total 4 (2 cores per cpu, 2 threads per core) family 6 model 61 stepping 4, cmov, cx8, fxsr, mmx, sse, sse2, sse3, ssse3, sse4.1, sse4.2, popcnt, avx, avx2, aes, clmul, erms, rtm, 3dnowpref, lzcnt, ht, tsc, tscinvbit, bmi1, bmi2, adx

Memory: 4k page, physical 16662792k(2408728k free), swap 46578308k(7132k free)

vm_info: Java HotSpot(TM) 64-Bit Server VM (25.60-b23) for windows-amd64 JRE (1.8.0_60-b27), built on Aug  4 2015 11:06:27 by "java_re" with MS VC++ 10.0 (VS2010)

time: Tue Jul 25 16:18:59 2017
elapsed time: 17 seconds (0d 0h 0m 17s)

